[2022-08-17 15:52:32] [LOG] Plugin has been activated
[2022-08-17 15:52:39] [ERROR] Shuted down
[2022-08-17 15:52:39] [ERROR] Array
(
    [type] => 8192
    [message] => Constant FILTER_SANITIZE_STRING is deprecated
    [file] => C:\Users\Utilisateur\Documents\code\xampp\xampp\htdocs\ByeTravel\wp-content\plugins\wordpress-seo\src\conditionals\third-party\elementor-edit-conditional.php
    [line] => 28
)

[2022-08-17 15:52:39] [ERROR] There was an error before request shutdown (but it was not logged to backup/restore log)
[2022-08-17 15:52:39] [ERROR] Error message: Constant FILTER_SANITIZE_STRING is deprecated
[2022-08-17 15:52:39] [ERROR] Error file/line: C:\Users\Utilisateur\Documents\code\xampp\xampp\htdocs\ByeTravel\wp-content\plugins\wordpress-seo\src\conditionals\third-party\elementor-edit-conditional.php|28
[2022-08-17 15:52:39] [ERROR] Shuted down
[2022-08-17 15:52:39] [ERROR] Array
(
    [type] => 8192
    [message] => Constant FILTER_SANITIZE_STRING is deprecated
    [file] => C:\Users\Utilisateur\Documents\code\xampp\xampp\htdocs\ByeTravel\wp-content\plugins\wordpress-seo\src\conditionals\third-party\elementor-edit-conditional.php
    [line] => 28
)

[2022-08-17 15:52:39] [ERROR] There was an error before request shutdown (but it was not logged to backup/restore log)
[2022-08-17 15:52:39] [ERROR] Error message: Constant FILTER_SANITIZE_STRING is deprecated
[2022-08-17 15:52:39] [ERROR] Error file/line: C:\Users\Utilisateur\Documents\code\xampp\xampp\htdocs\ByeTravel\wp-content\plugins\wordpress-seo\src\conditionals\third-party\elementor-edit-conditional.php|28
[2022-08-17 15:52:40] [ERROR] Shuted down
[2022-08-17 15:52:40] [ERROR] Array
(
    [type] => 8192
    [message] => Constant FILTER_SANITIZE_STRING is deprecated
    [file] => C:\Users\Utilisateur\Documents\code\xampp\xampp\htdocs\ByeTravel\wp-content\plugins\wordpress-seo\src\conditionals\third-party\elementor-edit-conditional.php
    [line] => 28
)

[2022-08-17 15:52:40] [ERROR] There was an error before request shutdown (but it was not logged to backup/restore log)
[2022-08-17 15:52:40] [ERROR] Error message: Constant FILTER_SANITIZE_STRING is deprecated
[2022-08-17 15:52:40] [ERROR] Error file/line: C:\Users\Utilisateur\Documents\code\xampp\xampp\htdocs\ByeTravel\wp-content\plugins\wordpress-seo\src\conditionals\third-party\elementor-edit-conditional.php|28
[2022-08-17 15:52:40] [ERROR] Shuted down
[2022-08-17 15:52:40] [ERROR] Array
(
    [type] => 8192
    [message] => Constant FILTER_SANITIZE_STRING is deprecated
    [file] => C:\Users\Utilisateur\Documents\code\xampp\xampp\htdocs\ByeTravel\wp-content\plugins\wordpress-seo\src\conditionals\third-party\elementor-edit-conditional.php
    [line] => 28
)

[2022-08-17 15:52:40] [ERROR] There was an error before request shutdown (but it was not logged to backup/restore log)
[2022-08-17 15:52:40] [ERROR] Error message: Constant FILTER_SANITIZE_STRING is deprecated
[2022-08-17 15:52:40] [ERROR] Error file/line: C:\Users\Utilisateur\Documents\code\xampp\xampp\htdocs\ByeTravel\wp-content\plugins\wordpress-seo\src\conditionals\third-party\elementor-edit-conditional.php|28
[2022-08-17 15:52:40] [ERROR] Shuted down
[2022-08-17 15:52:40] [ERROR] Array
(
    [type] => 8192
    [message] => Constant FILTER_SANITIZE_STRING is deprecated
    [file] => C:\Users\Utilisateur\Documents\code\xampp\xampp\htdocs\ByeTravel\wp-content\plugins\wordpress-seo\src\conditionals\third-party\elementor-edit-conditional.php
    [line] => 28
)

[2022-08-17 15:52:40] [ERROR] There was an error before request shutdown (but it was not logged to backup/restore log)
[2022-08-17 15:52:40] [ERROR] Error message: Constant FILTER_SANITIZE_STRING is deprecated
[2022-08-17 15:52:40] [ERROR] Error file/line: C:\Users\Utilisateur\Documents\code\xampp\xampp\htdocs\ByeTravel\wp-content\plugins\wordpress-seo\src\conditionals\third-party\elementor-edit-conditional.php|28
[2022-08-17 15:52:40] [ERROR] Shuted down
[2022-08-17 15:52:40] [ERROR] Array
(
    [type] => 8192
    [message] => Return type of Requests_Utility_CaseInsensitiveDictionary::getIterator() should either be compatible with IteratorAggregate::getIterator(): Traversable, or the #[\ReturnTypeWillChange] attribute should be used to temporarily suppress the notice
    [file] => C:\Users\Utilisateur\Documents\code\xampp\xampp\htdocs\ByeTravel\wp-includes\Requests\Utility\CaseInsensitiveDictionary.php
    [line] => 91
)

[2022-08-17 15:52:40] [ERROR] There was an error before request shutdown (but it was not logged to backup/restore log)
[2022-08-17 15:52:40] [ERROR] Error message: Return type of Requests_Utility_CaseInsensitiveDictionary::getIterator() should either be compatible with IteratorAggregate::getIterator(): Traversable, or the #[\ReturnTypeWillChange] attribute should be used to temporarily suppress the notice
[2022-08-17 15:52:40] [ERROR] Error file/line: C:\Users\Utilisateur\Documents\code\xampp\xampp\htdocs\ByeTravel\wp-includes\Requests\Utility\CaseInsensitiveDictionary.php|91
[2022-08-17 15:52:41] [ERROR] Shuted down
[2022-08-17 15:52:41] [ERROR] Array
(
    [type] => 8192
    [message] => Constant FILTER_SANITIZE_STRING is deprecated
    [file] => C:\Users\Utilisateur\Documents\code\xampp\xampp\htdocs\ByeTravel\wp-content\plugins\wordpress-seo\src\conditionals\third-party\elementor-edit-conditional.php
    [line] => 28
)

[2022-08-17 15:52:41] [ERROR] There was an error before request shutdown (but it was not logged to backup/restore log)
[2022-08-17 15:52:41] [ERROR] Error message: Constant FILTER_SANITIZE_STRING is deprecated
[2022-08-17 15:52:41] [ERROR] Error file/line: C:\Users\Utilisateur\Documents\code\xampp\xampp\htdocs\ByeTravel\wp-content\plugins\wordpress-seo\src\conditionals\third-party\elementor-edit-conditional.php|28
[2022-08-17 15:52:41] [ERROR] Shuted down
[2022-08-17 15:52:41] [ERROR] Array
(
    [type] => 8192
    [message] => Constant FILTER_SANITIZE_STRING is deprecated
    [file] => C:\Users\Utilisateur\Documents\code\xampp\xampp\htdocs\ByeTravel\wp-content\plugins\wordpress-seo\src\conditionals\third-party\elementor-edit-conditional.php
    [line] => 28
)

[2022-08-17 15:52:41] [ERROR] There was an error before request shutdown (but it was not logged to backup/restore log)
[2022-08-17 15:52:41] [ERROR] Error message: Constant FILTER_SANITIZE_STRING is deprecated
[2022-08-17 15:52:41] [ERROR] Error file/line: C:\Users\Utilisateur\Documents\code\xampp\xampp\htdocs\ByeTravel\wp-content\plugins\wordpress-seo\src\conditionals\third-party\elementor-edit-conditional.php|28
[2022-08-17 15:52:41] [ERROR] Shuted down
[2022-08-17 15:52:41] [ERROR] Array
(
    [type] => 8192
    [message] => Constant FILTER_SANITIZE_STRING is deprecated
    [file] => C:\Users\Utilisateur\Documents\code\xampp\xampp\htdocs\ByeTravel\wp-content\plugins\wordpress-seo\src\conditionals\third-party\elementor-edit-conditional.php
    [line] => 28
)

[2022-08-17 15:52:41] [ERROR] There was an error before request shutdown (but it was not logged to backup/restore log)
[2022-08-17 15:52:41] [ERROR] Error message: Constant FILTER_SANITIZE_STRING is deprecated
[2022-08-17 15:52:41] [ERROR] Error file/line: C:\Users\Utilisateur\Documents\code\xampp\xampp\htdocs\ByeTravel\wp-content\plugins\wordpress-seo\src\conditionals\third-party\elementor-edit-conditional.php|28
[2022-08-17 15:52:46] [ERROR] Shuted down
[2022-08-17 15:52:46] [ERROR] Array
(
    [type] => 8192
    [message] => Constant FILTER_SANITIZE_STRING is deprecated
    [file] => C:\Users\Utilisateur\Documents\code\xampp\xampp\htdocs\ByeTravel\wp-content\plugins\wordpress-seo\src\conditionals\third-party\elementor-edit-conditional.php
    [line] => 28
)

[2022-08-17 15:52:46] [ERROR] There was an error before request shutdown (but it was not logged to backup/restore log)
[2022-08-17 15:52:46] [ERROR] Error message: Constant FILTER_SANITIZE_STRING is deprecated
[2022-08-17 15:52:46] [ERROR] Error file/line: C:\Users\Utilisateur\Documents\code\xampp\xampp\htdocs\ByeTravel\wp-content\plugins\wordpress-seo\src\conditionals\third-party\elementor-edit-conditional.php|28
[2022-08-17 15:52:52] [ERROR] Shuted down
[2022-08-17 15:52:52] [ERROR] Array
(
    [type] => 8192
    [message] => Constant FILTER_SANITIZE_STRING is deprecated
    [file] => C:\Users\Utilisateur\Documents\code\xampp\xampp\htdocs\ByeTravel\wp-content\plugins\wordpress-seo\src\conditionals\third-party\elementor-edit-conditional.php
    [line] => 28
)

[2022-08-17 15:52:52] [ERROR] There was an error before request shutdown (but it was not logged to backup/restore log)
[2022-08-17 15:52:52] [ERROR] Error message: Constant FILTER_SANITIZE_STRING is deprecated
[2022-08-17 15:52:52] [ERROR] Error file/line: C:\Users\Utilisateur\Documents\code\xampp\xampp\htdocs\ByeTravel\wp-content\plugins\wordpress-seo\src\conditionals\third-party\elementor-edit-conditional.php|28
[2022-08-17 15:52:58] [ERROR] Shuted down
[2022-08-17 15:52:59] [ERROR] Array
(
    [type] => 8192
    [message] => Constant FILTER_SANITIZE_STRING is deprecated
    [file] => C:\Users\Utilisateur\Documents\code\xampp\xampp\htdocs\ByeTravel\wp-content\plugins\wordpress-seo\src\conditionals\third-party\elementor-edit-conditional.php
    [line] => 28
)

[2022-08-17 15:52:59] [ERROR] There was an error before request shutdown (but it was not logged to backup/restore log)
[2022-08-17 15:52:59] [ERROR] Error message: Constant FILTER_SANITIZE_STRING is deprecated
[2022-08-17 15:52:59] [ERROR] Error file/line: C:\Users\Utilisateur\Documents\code\xampp\xampp\htdocs\ByeTravel\wp-content\plugins\wordpress-seo\src\conditionals\third-party\elementor-edit-conditional.php|28
[2022-08-17 15:53:05] [ERROR] Shuted down
[2022-08-17 15:53:05] [ERROR] Array
(
    [type] => 8192
    [message] => Constant FILTER_SANITIZE_STRING is deprecated
    [file] => C:\Users\Utilisateur\Documents\code\xampp\xampp\htdocs\ByeTravel\wp-content\plugins\wordpress-seo\src\conditionals\third-party\elementor-edit-conditional.php
    [line] => 28
)

[2022-08-17 15:53:05] [ERROR] There was an error before request shutdown (but it was not logged to backup/restore log)
[2022-08-17 15:53:05] [ERROR] Error message: Constant FILTER_SANITIZE_STRING is deprecated
[2022-08-17 15:53:05] [ERROR] Error file/line: C:\Users\Utilisateur\Documents\code\xampp\xampp\htdocs\ByeTravel\wp-content\plugins\wordpress-seo\src\conditionals\third-party\elementor-edit-conditional.php|28
[2022-08-17 15:53:11] [ERROR] Shuted down
[2022-08-17 15:53:11] [ERROR] Array
(
    [type] => 8192
    [message] => Constant FILTER_SANITIZE_STRING is deprecated
    [file] => C:\Users\Utilisateur\Documents\code\xampp\xampp\htdocs\ByeTravel\wp-content\plugins\wordpress-seo\src\conditionals\third-party\elementor-edit-conditional.php
    [line] => 28
)

[2022-08-17 15:53:11] [ERROR] There was an error before request shutdown (but it was not logged to backup/restore log)
[2022-08-17 15:53:11] [ERROR] Error message: Constant FILTER_SANITIZE_STRING is deprecated
[2022-08-17 15:53:11] [ERROR] Error file/line: C:\Users\Utilisateur\Documents\code\xampp\xampp\htdocs\ByeTravel\wp-content\plugins\wordpress-seo\src\conditionals\third-party\elementor-edit-conditional.php|28
[2022-08-17 15:53:18] [ERROR] Shuted down
[2022-08-17 15:53:18] [ERROR] Array
(
    [type] => 8192
    [message] => Constant FILTER_SANITIZE_STRING is deprecated
    [file] => C:\Users\Utilisateur\Documents\code\xampp\xampp\htdocs\ByeTravel\wp-content\plugins\wordpress-seo\src\conditionals\third-party\elementor-edit-conditional.php
    [line] => 28
)

[2022-08-17 15:53:18] [ERROR] There was an error before request shutdown (but it was not logged to backup/restore log)
[2022-08-17 15:53:18] [ERROR] Error message: Constant FILTER_SANITIZE_STRING is deprecated
[2022-08-17 15:53:18] [ERROR] Error file/line: C:\Users\Utilisateur\Documents\code\xampp\xampp\htdocs\ByeTravel\wp-content\plugins\wordpress-seo\src\conditionals\third-party\elementor-edit-conditional.php|28
[2022-08-17 15:53:41] [LOG] Plugin has been deactivated
