Aug 17 2022 13:54:34
{"type":8192,"message":"Constant FILTER_SANITIZE_STRING is deprecated","file":"C:\\Users\\Utilisateur\\Documents\\code\\xampp\\xampp\\htdocs\\ByeTravel\\wp-content\\plugins\\wordpress-seo\\src\\conditionals\\third-party\\elementor-edit-conditional.php","line":28}

Aug 17 2022 13:54:36
{"type":8192,"message":"Constant FILTER_SANITIZE_STRING is deprecated","file":"C:\\Users\\Utilisateur\\Documents\\code\\xampp\\xampp\\htdocs\\ByeTravel\\wp-content\\plugins\\wordpress-seo\\src\\conditionals\\third-party\\elementor-edit-conditional.php","line":28}

Aug 17 2022 13:54:36
{"type":8192,"message":"Constant FILTER_SANITIZE_STRING is deprecated","file":"C:\\Users\\Utilisateur\\Documents\\code\\xampp\\xampp\\htdocs\\ByeTravel\\wp-content\\plugins\\wordpress-seo\\src\\conditionals\\third-party\\elementor-edit-conditional.php","line":28}

Aug 17 2022 13:54:39
{"type":8192,"message":"Return type of Requests_Utility_CaseInsensitiveDictionary::getIterator() should either be compatible with IteratorAggregate::getIterator(): Traversable, or the #[\\ReturnTypeWillChange] attribute should be used to temporarily suppress the notice","file":"C:\\Users\\Utilisateur\\Documents\\code\\xampp\\xampp\\htdocs\\ByeTravel\\wp-includes\\Requests\\Utility\\CaseInsensitiveDictionary.php","line":91}

Aug 17 2022 13:54:41
{"Number":8192,"Message":"base64_encode(): Passing null to parameter #1 ($string) of type string is deprecated","File":"C:\\Users\\Utilisateur\\Documents\\code\\xampp\\xampp\\htdocs\\ByeTravel\\wp-content\\plugins\\all-in-one-wp-migration\\lib\\model\\export\\class-ai1wm-export-config.php","Line":164}

Aug 17 2022 13:54:41
{"type":8192,"message":"Constant FILTER_SANITIZE_STRING is deprecated","file":"C:\\Users\\Utilisateur\\Documents\\code\\xampp\\xampp\\htdocs\\ByeTravel\\wp-content\\plugins\\wordpress-seo\\src\\conditionals\\third-party\\elementor-edit-conditional.php","line":28}

Aug 17 2022 13:54:41
{"type":8192,"message":"Constant FILTER_SANITIZE_STRING is deprecated","file":"C:\\Users\\Utilisateur\\Documents\\code\\xampp\\xampp\\htdocs\\ByeTravel\\wp-content\\plugins\\wordpress-seo\\src\\conditionals\\third-party\\elementor-edit-conditional.php","line":28}

Aug 17 2022 13:54:43
{"type":8192,"message":"Constant FILTER_SANITIZE_STRING is deprecated","file":"C:\\Users\\Utilisateur\\Documents\\code\\xampp\\xampp\\htdocs\\ByeTravel\\wp-content\\plugins\\wordpress-seo\\src\\conditionals\\third-party\\elementor-edit-conditional.php","line":28}

Aug 17 2022 13:54:45
{"type":8192,"message":"Constant FILTER_SANITIZE_STRING is deprecated","file":"C:\\Users\\Utilisateur\\Documents\\code\\xampp\\xampp\\htdocs\\ByeTravel\\wp-content\\plugins\\wordpress-seo\\src\\conditionals\\third-party\\elementor-edit-conditional.php","line":28}

Aug 17 2022 13:54:46
{"type":8192,"message":"Constant FILTER_SANITIZE_STRING is deprecated","file":"C:\\Users\\Utilisateur\\Documents\\code\\xampp\\xampp\\htdocs\\ByeTravel\\wp-content\\plugins\\wordpress-seo\\src\\conditionals\\third-party\\elementor-edit-conditional.php","line":28}

Aug 17 2022 13:54:47
{"type":8192,"message":"Constant FILTER_SANITIZE_STRING is deprecated","file":"C:\\Users\\Utilisateur\\Documents\\code\\xampp\\xampp\\htdocs\\ByeTravel\\wp-content\\plugins\\wordpress-seo\\src\\conditionals\\third-party\\elementor-edit-conditional.php","line":28}

Aug 17 2022 13:54:49
{"type":8192,"message":"Constant FILTER_SANITIZE_STRING is deprecated","file":"C:\\Users\\Utilisateur\\Documents\\code\\xampp\\xampp\\htdocs\\ByeTravel\\wp-content\\plugins\\wordpress-seo\\src\\conditionals\\third-party\\elementor-edit-conditional.php","line":28}

Aug 17 2022 13:54:51
{"type":8192,"message":"Constant FILTER_SANITIZE_STRING is deprecated","file":"C:\\Users\\Utilisateur\\Documents\\code\\xampp\\xampp\\htdocs\\ByeTravel\\wp-content\\plugins\\wordpress-seo\\src\\conditionals\\third-party\\elementor-edit-conditional.php","line":28}

Aug 17 2022 13:54:51
{"type":8192,"message":"Constant FILTER_SANITIZE_STRING is deprecated","file":"C:\\Users\\Utilisateur\\Documents\\code\\xampp\\xampp\\htdocs\\ByeTravel\\wp-content\\plugins\\wordpress-seo\\src\\conditionals\\third-party\\elementor-edit-conditional.php","line":28}

Aug 17 2022 13:54:51
{"type":8192,"message":"Constant FILTER_SANITIZE_STRING is deprecated","file":"C:\\Users\\Utilisateur\\Documents\\code\\xampp\\xampp\\htdocs\\ByeTravel\\wp-content\\plugins\\wordpress-seo\\src\\conditionals\\third-party\\elementor-edit-conditional.php","line":28}

Aug 17 2022 16:14:00
{"type":8192,"message":"Constant FILTER_SANITIZE_STRING is deprecated","file":"C:\\Users\\Utilisateur\\Documents\\code\\xampp\\xampp\\htdocs\\ByeTravel\\wp-content\\plugins\\wordpress-seo\\src\\conditionals\\third-party\\elementor-edit-conditional.php","line":28}

Aug 17 2022 16:14:05
{"type":8192,"message":"Constant FILTER_SANITIZE_STRING is deprecated","file":"C:\\Users\\Utilisateur\\Documents\\code\\xampp\\xampp\\htdocs\\ByeTravel\\wp-content\\plugins\\wordpress-seo\\src\\conditionals\\third-party\\elementor-edit-conditional.php","line":28}

Aug 17 2022 16:14:09
{"type":8192,"message":"Constant FILTER_SANITIZE_STRING is deprecated","file":"C:\\Users\\Utilisateur\\Documents\\code\\xampp\\xampp\\htdocs\\ByeTravel\\wp-content\\plugins\\wordpress-seo\\src\\conditionals\\third-party\\elementor-edit-conditional.php","line":28}

Aug 17 2022 16:14:14
{"type":8192,"message":"Constant FILTER_SANITIZE_STRING is deprecated","file":"C:\\Users\\Utilisateur\\Documents\\code\\xampp\\xampp\\htdocs\\ByeTravel\\wp-content\\plugins\\wordpress-seo\\src\\conditionals\\third-party\\elementor-edit-conditional.php","line":28}

Aug 17 2022 16:16:05
{"type":8192,"message":"Return type of Requests_Utility_CaseInsensitiveDictionary::getIterator() should either be compatible with IteratorAggregate::getIterator(): Traversable, or the #[\\ReturnTypeWillChange] attribute should be used to temporarily suppress the notice","file":"C:\\Users\\Utilisateur\\Documents\\code\\xampp\\xampp\\htdocs\\ByeTravel\\wp-includes\\Requests\\Utility\\CaseInsensitiveDictionary.php","line":91}

Aug 17 2022 16:16:07
{"type":8192,"message":"Constant FILTER_SANITIZE_STRING is deprecated","file":"C:\\Users\\Utilisateur\\Documents\\code\\xampp\\xampp\\htdocs\\ByeTravel\\wp-content\\plugins\\wordpress-seo\\src\\conditionals\\third-party\\elementor-edit-conditional.php","line":28}

Aug 17 2022 16:16:07
{"type":8192,"message":"Constant FILTER_SANITIZE_STRING is deprecated","file":"C:\\Users\\Utilisateur\\Documents\\code\\xampp\\xampp\\htdocs\\ByeTravel\\wp-content\\plugins\\wordpress-seo\\src\\conditionals\\third-party\\elementor-edit-conditional.php","line":28}

Aug 17 2022 16:16:09
{"type":8192,"message":"Constant FILTER_SANITIZE_STRING is deprecated","file":"C:\\Users\\Utilisateur\\Documents\\code\\xampp\\xampp\\htdocs\\ByeTravel\\wp-content\\plugins\\wordpress-seo\\src\\conditionals\\third-party\\elementor-edit-conditional.php","line":28}

Aug 17 2022 16:16:11
{"Number":8192,"Message":"base64_encode(): Passing null to parameter #1 ($string) of type string is deprecated","File":"C:\\Users\\Utilisateur\\Documents\\code\\xampp\\xampp\\htdocs\\ByeTravel\\wp-content\\plugins\\all-in-one-wp-migration\\lib\\model\\export\\class-ai1wm-export-config.php","Line":164}

Aug 17 2022 16:16:11
{"type":8192,"message":"Constant FILTER_SANITIZE_STRING is deprecated","file":"C:\\Users\\Utilisateur\\Documents\\code\\xampp\\xampp\\htdocs\\ByeTravel\\wp-content\\plugins\\wordpress-seo\\src\\conditionals\\third-party\\elementor-edit-conditional.php","line":28}

Aug 17 2022 16:16:12
{"type":8192,"message":"Constant FILTER_SANITIZE_STRING is deprecated","file":"C:\\Users\\Utilisateur\\Documents\\code\\xampp\\xampp\\htdocs\\ByeTravel\\wp-content\\plugins\\wordpress-seo\\src\\conditionals\\third-party\\elementor-edit-conditional.php","line":28}

Aug 17 2022 16:16:13
{"type":8192,"message":"Constant FILTER_SANITIZE_STRING is deprecated","file":"C:\\Users\\Utilisateur\\Documents\\code\\xampp\\xampp\\htdocs\\ByeTravel\\wp-content\\plugins\\wordpress-seo\\src\\conditionals\\third-party\\elementor-edit-conditional.php","line":28}

Aug 17 2022 16:16:15
{"type":8192,"message":"Constant FILTER_SANITIZE_STRING is deprecated","file":"C:\\Users\\Utilisateur\\Documents\\code\\xampp\\xampp\\htdocs\\ByeTravel\\wp-content\\plugins\\wordpress-seo\\src\\conditionals\\third-party\\elementor-edit-conditional.php","line":28}

Aug 17 2022 16:16:17
{"type":8192,"message":"Constant FILTER_SANITIZE_STRING is deprecated","file":"C:\\Users\\Utilisateur\\Documents\\code\\xampp\\xampp\\htdocs\\ByeTravel\\wp-content\\plugins\\wordpress-seo\\src\\conditionals\\third-party\\elementor-edit-conditional.php","line":28}

Aug 17 2022 16:16:17
{"type":8192,"message":"Constant FILTER_SANITIZE_STRING is deprecated","file":"C:\\Users\\Utilisateur\\Documents\\code\\xampp\\xampp\\htdocs\\ByeTravel\\wp-content\\plugins\\wordpress-seo\\src\\conditionals\\third-party\\elementor-edit-conditional.php","line":28}

Aug 17 2022 16:16:19
{"type":8192,"message":"Constant FILTER_SANITIZE_STRING is deprecated","file":"C:\\Users\\Utilisateur\\Documents\\code\\xampp\\xampp\\htdocs\\ByeTravel\\wp-content\\plugins\\wordpress-seo\\src\\conditionals\\third-party\\elementor-edit-conditional.php","line":28}

Aug 17 2022 16:16:21
{"type":8192,"message":"Constant FILTER_SANITIZE_STRING is deprecated","file":"C:\\Users\\Utilisateur\\Documents\\code\\xampp\\xampp\\htdocs\\ByeTravel\\wp-content\\plugins\\wordpress-seo\\src\\conditionals\\third-party\\elementor-edit-conditional.php","line":28}

Aug 17 2022 16:16:22
{"type":8192,"message":"Constant FILTER_SANITIZE_STRING is deprecated","file":"C:\\Users\\Utilisateur\\Documents\\code\\xampp\\xampp\\htdocs\\ByeTravel\\wp-content\\plugins\\wordpress-seo\\src\\conditionals\\third-party\\elementor-edit-conditional.php","line":28}

Aug 17 2022 16:16:23
{"type":8192,"message":"Constant FILTER_SANITIZE_STRING is deprecated","file":"C:\\Users\\Utilisateur\\Documents\\code\\xampp\\xampp\\htdocs\\ByeTravel\\wp-content\\plugins\\wordpress-seo\\src\\conditionals\\third-party\\elementor-edit-conditional.php","line":28}

Aug 17 2022 16:16:27
{"type":8192,"message":"Constant FILTER_SANITIZE_STRING is deprecated","file":"C:\\Users\\Utilisateur\\Documents\\code\\xampp\\xampp\\htdocs\\ByeTravel\\wp-content\\plugins\\wordpress-seo\\src\\conditionals\\third-party\\elementor-edit-conditional.php","line":28}

Aug 17 2022 16:16:28
{"type":8192,"message":"Constant FILTER_SANITIZE_STRING is deprecated","file":"C:\\Users\\Utilisateur\\Documents\\code\\xampp\\xampp\\htdocs\\ByeTravel\\wp-content\\plugins\\wordpress-seo\\src\\conditionals\\third-party\\elementor-edit-conditional.php","line":28}

Aug 17 2022 16:16:31
{"type":8192,"message":"Constant FILTER_SANITIZE_STRING is deprecated","file":"C:\\Users\\Utilisateur\\Documents\\code\\xampp\\xampp\\htdocs\\ByeTravel\\wp-content\\plugins\\wordpress-seo\\src\\conditionals\\third-party\\elementor-edit-conditional.php","line":28}

Aug 17 2022 16:16:32
{"type":8192,"message":"Constant FILTER_SANITIZE_STRING is deprecated","file":"C:\\Users\\Utilisateur\\Documents\\code\\xampp\\xampp\\htdocs\\ByeTravel\\wp-content\\plugins\\wordpress-seo\\src\\conditionals\\third-party\\elementor-edit-conditional.php","line":28}

Aug 17 2022 16:16:33
{"type":8192,"message":"Constant FILTER_SANITIZE_STRING is deprecated","file":"C:\\Users\\Utilisateur\\Documents\\code\\xampp\\xampp\\htdocs\\ByeTravel\\wp-content\\plugins\\wordpress-seo\\src\\conditionals\\third-party\\elementor-edit-conditional.php","line":28}

Aug 17 2022 16:16:35
{"type":8192,"message":"Constant FILTER_SANITIZE_STRING is deprecated","file":"C:\\Users\\Utilisateur\\Documents\\code\\xampp\\xampp\\htdocs\\ByeTravel\\wp-content\\plugins\\wordpress-seo\\src\\conditionals\\third-party\\elementor-edit-conditional.php","line":28}

Aug 17 2022 16:16:37
{"type":8192,"message":"Constant FILTER_SANITIZE_STRING is deprecated","file":"C:\\Users\\Utilisateur\\Documents\\code\\xampp\\xampp\\htdocs\\ByeTravel\\wp-content\\plugins\\wordpress-seo\\src\\conditionals\\third-party\\elementor-edit-conditional.php","line":28}

Aug 17 2022 16:16:38
{"type":8192,"message":"Constant FILTER_SANITIZE_STRING is deprecated","file":"C:\\Users\\Utilisateur\\Documents\\code\\xampp\\xampp\\htdocs\\ByeTravel\\wp-content\\plugins\\wordpress-seo\\src\\conditionals\\third-party\\elementor-edit-conditional.php","line":28}

Aug 17 2022 16:16:41
{"type":8192,"message":"Return type of Requests_Utility_CaseInsensitiveDictionary::getIterator() should either be compatible with IteratorAggregate::getIterator(): Traversable, or the #[\\ReturnTypeWillChange] attribute should be used to temporarily suppress the notice","file":"C:\\Users\\Utilisateur\\Documents\\code\\xampp\\xampp\\htdocs\\ByeTravel\\wp-includes\\Requests\\Utility\\CaseInsensitiveDictionary.php","line":91}

Aug 17 2022 16:16:41
{"type":8192,"message":"Constant FILTER_SANITIZE_STRING is deprecated","file":"C:\\Users\\Utilisateur\\Documents\\code\\xampp\\xampp\\htdocs\\ByeTravel\\wp-content\\plugins\\wordpress-seo\\src\\conditionals\\third-party\\elementor-edit-conditional.php","line":28}

Aug 17 2022 16:16:43
{"type":8192,"message":"Constant FILTER_SANITIZE_STRING is deprecated","file":"C:\\Users\\Utilisateur\\Documents\\code\\xampp\\xampp\\htdocs\\ByeTravel\\wp-content\\plugins\\wordpress-seo\\src\\conditionals\\third-party\\elementor-edit-conditional.php","line":28}

Aug 17 2022 16:16:44
{"type":8192,"message":"Constant FILTER_SANITIZE_STRING is deprecated","file":"C:\\Users\\Utilisateur\\Documents\\code\\xampp\\xampp\\htdocs\\ByeTravel\\wp-content\\plugins\\wordpress-seo\\src\\conditionals\\third-party\\elementor-edit-conditional.php","line":28}

Aug 17 2022 16:16:46
{"type":8192,"message":"Constant FILTER_SANITIZE_STRING is deprecated","file":"C:\\Users\\Utilisateur\\Documents\\code\\xampp\\xampp\\htdocs\\ByeTravel\\wp-content\\plugins\\wordpress-seo\\src\\conditionals\\third-party\\elementor-edit-conditional.php","line":28}

Aug 17 2022 16:17:08
{"Number":8192,"Message":"Return type of Requests_Cookie_Jar::offsetExists($key) should either be compatible with ArrayAccess::offsetExists(mixed $offset): bool, or the #[\\ReturnTypeWillChange] attribute should be used to temporarily suppress the notice","File":"C:\\Users\\Utilisateur\\Documents\\code\\xampp\\xampp\\htdocs\\ByeTravel\\wp-includes\\Requests\\Cookie\\Jar.php","Line":63}

Aug 17 2022 16:17:08
{"Number":8192,"Message":"Return type of Requests_Cookie_Jar::offsetGet($key) should either be compatible with ArrayAccess::offsetGet(mixed $offset): mixed, or the #[\\ReturnTypeWillChange] attribute should be used to temporarily suppress the notice","File":"C:\\Users\\Utilisateur\\Documents\\code\\xampp\\xampp\\htdocs\\ByeTravel\\wp-includes\\Requests\\Cookie\\Jar.php","Line":73}

Aug 17 2022 16:17:08
{"Number":8192,"Message":"Return type of Requests_Cookie_Jar::offsetSet($key, $value) should either be compatible with ArrayAccess::offsetSet(mixed $offset, mixed $value): void, or the #[\\ReturnTypeWillChange] attribute should be used to temporarily suppress the notice","File":"C:\\Users\\Utilisateur\\Documents\\code\\xampp\\xampp\\htdocs\\ByeTravel\\wp-includes\\Requests\\Cookie\\Jar.php","Line":89}

Aug 17 2022 16:17:08
{"Number":8192,"Message":"Return type of Requests_Cookie_Jar::offsetUnset($key) should either be compatible with ArrayAccess::offsetUnset(mixed $offset): void, or the #[\\ReturnTypeWillChange] attribute should be used to temporarily suppress the notice","File":"C:\\Users\\Utilisateur\\Documents\\code\\xampp\\xampp\\htdocs\\ByeTravel\\wp-includes\\Requests\\Cookie\\Jar.php","Line":102}

Aug 17 2022 16:17:08
{"Number":8192,"Message":"Return type of Requests_Cookie_Jar::getIterator() should either be compatible with IteratorAggregate::getIterator(): Traversable, or the #[\\ReturnTypeWillChange] attribute should be used to temporarily suppress the notice","File":"C:\\Users\\Utilisateur\\Documents\\code\\xampp\\xampp\\htdocs\\ByeTravel\\wp-includes\\Requests\\Cookie\\Jar.php","Line":111}

Aug 17 2022 16:17:09
{"Number":8192,"Message":"Return type of Requests_Utility_CaseInsensitiveDictionary::offsetExists($key) should either be compatible with ArrayAccess::offsetExists(mixed $offset): bool, or the #[\\ReturnTypeWillChange] attribute should be used to temporarily suppress the notice","File":"C:\\Users\\Utilisateur\\Documents\\code\\xampp\\xampp\\htdocs\\ByeTravel\\wp-includes\\Requests\\Utility\\CaseInsensitiveDictionary.php","Line":40}

Aug 17 2022 16:17:09
{"Number":8192,"Message":"Return type of Requests_Utility_CaseInsensitiveDictionary::offsetGet($key) should either be compatible with ArrayAccess::offsetGet(mixed $offset): mixed, or the #[\\ReturnTypeWillChange] attribute should be used to temporarily suppress the notice","File":"C:\\Users\\Utilisateur\\Documents\\code\\xampp\\xampp\\htdocs\\ByeTravel\\wp-includes\\Requests\\Utility\\CaseInsensitiveDictionary.php","Line":51}

Aug 17 2022 16:17:09
{"Number":8192,"Message":"Return type of Requests_Utility_CaseInsensitiveDictionary::offsetSet($key, $value) should either be compatible with ArrayAccess::offsetSet(mixed $offset, mixed $value): void, or the #[\\ReturnTypeWillChange] attribute should be used to temporarily suppress the notice","File":"C:\\Users\\Utilisateur\\Documents\\code\\xampp\\xampp\\htdocs\\ByeTravel\\wp-includes\\Requests\\Utility\\CaseInsensitiveDictionary.php","Line":68}

Aug 17 2022 16:17:09
{"Number":8192,"Message":"Return type of Requests_Utility_CaseInsensitiveDictionary::offsetUnset($key) should either be compatible with ArrayAccess::offsetUnset(mixed $offset): void, or the #[\\ReturnTypeWillChange] attribute should be used to temporarily suppress the notice","File":"C:\\Users\\Utilisateur\\Documents\\code\\xampp\\xampp\\htdocs\\ByeTravel\\wp-includes\\Requests\\Utility\\CaseInsensitiveDictionary.php","Line":82}

Aug 17 2022 16:17:09
{"Number":8192,"Message":"Return type of Requests_Utility_CaseInsensitiveDictionary::getIterator() should either be compatible with IteratorAggregate::getIterator(): Traversable, or the #[\\ReturnTypeWillChange] attribute should be used to temporarily suppress the notice","File":"C:\\Users\\Utilisateur\\Documents\\code\\xampp\\xampp\\htdocs\\ByeTravel\\wp-includes\\Requests\\Utility\\CaseInsensitiveDictionary.php","Line":91}

Aug 17 2022 16:17:09
{"type":8192,"message":"Constant FILTER_SANITIZE_STRING is deprecated","file":"C:\\Users\\Utilisateur\\Documents\\code\\xampp\\xampp\\htdocs\\ByeTravel\\wp-content\\plugins\\wordpress-seo\\src\\conditionals\\third-party\\elementor-edit-conditional.php","line":28}

Aug 17 2022 16:20:11
{"type":8192,"message":"Constant FILTER_SANITIZE_STRING is deprecated","file":"C:\\Users\\Utilisateur\\Documents\\code\\xampp\\xampp\\htdocs\\ByeTravel\\wp-content\\plugins\\wordpress-seo\\src\\conditionals\\third-party\\elementor-edit-conditional.php","line":28}

Aug 17 2022 16:20:13
{"type":8192,"message":"Constant FILTER_SANITIZE_STRING is deprecated","file":"C:\\Users\\Utilisateur\\Documents\\code\\xampp\\xampp\\htdocs\\ByeTravel\\wp-content\\plugins\\wordpress-seo\\src\\conditionals\\third-party\\elementor-edit-conditional.php","line":28}

Aug 17 2022 16:20:13
{"type":8192,"message":"Constant FILTER_SANITIZE_STRING is deprecated","file":"C:\\Users\\Utilisateur\\Documents\\code\\xampp\\xampp\\htdocs\\ByeTravel\\wp-content\\plugins\\wordpress-seo\\src\\conditionals\\third-party\\elementor-edit-conditional.php","line":28}

Aug 17 2022 16:20:15
{"type":8192,"message":"Constant FILTER_SANITIZE_STRING is deprecated","file":"C:\\Users\\Utilisateur\\Documents\\code\\xampp\\xampp\\htdocs\\ByeTravel\\wp-content\\plugins\\wordpress-seo\\src\\conditionals\\third-party\\elementor-edit-conditional.php","line":28}

Aug 17 2022 16:20:17
{"Number":8192,"Message":"base64_encode(): Passing null to parameter #1 ($string) of type string is deprecated","File":"C:\\Users\\Utilisateur\\Documents\\code\\xampp\\xampp\\htdocs\\ByeTravel\\wp-content\\plugins\\all-in-one-wp-migration\\lib\\model\\export\\class-ai1wm-export-config.php","Line":164}

Aug 17 2022 16:20:17
{"type":8192,"message":"Constant FILTER_SANITIZE_STRING is deprecated","file":"C:\\Users\\Utilisateur\\Documents\\code\\xampp\\xampp\\htdocs\\ByeTravel\\wp-content\\plugins\\wordpress-seo\\src\\conditionals\\third-party\\elementor-edit-conditional.php","line":28}

Aug 17 2022 16:20:18
{"type":8192,"message":"Constant FILTER_SANITIZE_STRING is deprecated","file":"C:\\Users\\Utilisateur\\Documents\\code\\xampp\\xampp\\htdocs\\ByeTravel\\wp-content\\plugins\\wordpress-seo\\src\\conditionals\\third-party\\elementor-edit-conditional.php","line":28}

Aug 17 2022 16:20:19
{"type":8192,"message":"Constant FILTER_SANITIZE_STRING is deprecated","file":"C:\\Users\\Utilisateur\\Documents\\code\\xampp\\xampp\\htdocs\\ByeTravel\\wp-content\\plugins\\wordpress-seo\\src\\conditionals\\third-party\\elementor-edit-conditional.php","line":28}

Aug 17 2022 16:20:21
{"type":8192,"message":"Constant FILTER_SANITIZE_STRING is deprecated","file":"C:\\Users\\Utilisateur\\Documents\\code\\xampp\\xampp\\htdocs\\ByeTravel\\wp-content\\plugins\\wordpress-seo\\src\\conditionals\\third-party\\elementor-edit-conditional.php","line":28}

Aug 17 2022 16:20:23
{"type":8192,"message":"Constant FILTER_SANITIZE_STRING is deprecated","file":"C:\\Users\\Utilisateur\\Documents\\code\\xampp\\xampp\\htdocs\\ByeTravel\\wp-content\\plugins\\wordpress-seo\\src\\conditionals\\third-party\\elementor-edit-conditional.php","line":28}

Aug 17 2022 16:20:23
{"type":8192,"message":"Constant FILTER_SANITIZE_STRING is deprecated","file":"C:\\Users\\Utilisateur\\Documents\\code\\xampp\\xampp\\htdocs\\ByeTravel\\wp-content\\plugins\\wordpress-seo\\src\\conditionals\\third-party\\elementor-edit-conditional.php","line":28}

Aug 17 2022 16:20:25
{"type":8192,"message":"Constant FILTER_SANITIZE_STRING is deprecated","file":"C:\\Users\\Utilisateur\\Documents\\code\\xampp\\xampp\\htdocs\\ByeTravel\\wp-content\\plugins\\wordpress-seo\\src\\conditionals\\third-party\\elementor-edit-conditional.php","line":28}

Aug 17 2022 16:20:27
{"type":8192,"message":"Constant FILTER_SANITIZE_STRING is deprecated","file":"C:\\Users\\Utilisateur\\Documents\\code\\xampp\\xampp\\htdocs\\ByeTravel\\wp-content\\plugins\\wordpress-seo\\src\\conditionals\\third-party\\elementor-edit-conditional.php","line":28}

Aug 17 2022 16:20:28
{"type":8192,"message":"Constant FILTER_SANITIZE_STRING is deprecated","file":"C:\\Users\\Utilisateur\\Documents\\code\\xampp\\xampp\\htdocs\\ByeTravel\\wp-content\\plugins\\wordpress-seo\\src\\conditionals\\third-party\\elementor-edit-conditional.php","line":28}

Aug 17 2022 16:20:29
{"type":8192,"message":"Constant FILTER_SANITIZE_STRING is deprecated","file":"C:\\Users\\Utilisateur\\Documents\\code\\xampp\\xampp\\htdocs\\ByeTravel\\wp-content\\plugins\\wordpress-seo\\src\\conditionals\\third-party\\elementor-edit-conditional.php","line":28}

Aug 17 2022 16:20:32
{"type":8192,"message":"Constant FILTER_SANITIZE_STRING is deprecated","file":"C:\\Users\\Utilisateur\\Documents\\code\\xampp\\xampp\\htdocs\\ByeTravel\\wp-content\\plugins\\wordpress-seo\\src\\conditionals\\third-party\\elementor-edit-conditional.php","line":28}

Aug 17 2022 16:20:33
{"type":8192,"message":"Constant FILTER_SANITIZE_STRING is deprecated","file":"C:\\Users\\Utilisateur\\Documents\\code\\xampp\\xampp\\htdocs\\ByeTravel\\wp-content\\plugins\\wordpress-seo\\src\\conditionals\\third-party\\elementor-edit-conditional.php","line":28}

Aug 17 2022 16:20:34
{"type":8192,"message":"Constant FILTER_SANITIZE_STRING is deprecated","file":"C:\\Users\\Utilisateur\\Documents\\code\\xampp\\xampp\\htdocs\\ByeTravel\\wp-content\\plugins\\wordpress-seo\\src\\conditionals\\third-party\\elementor-edit-conditional.php","line":28}

Aug 17 2022 16:20:35
{"type":8192,"message":"Constant FILTER_SANITIZE_STRING is deprecated","file":"C:\\Users\\Utilisateur\\Documents\\code\\xampp\\xampp\\htdocs\\ByeTravel\\wp-content\\plugins\\wordpress-seo\\src\\conditionals\\third-party\\elementor-edit-conditional.php","line":28}

Aug 17 2022 16:20:38
{"type":8192,"message":"Constant FILTER_SANITIZE_STRING is deprecated","file":"C:\\Users\\Utilisateur\\Documents\\code\\xampp\\xampp\\htdocs\\ByeTravel\\wp-content\\plugins\\wordpress-seo\\src\\conditionals\\third-party\\elementor-edit-conditional.php","line":28}

Aug 17 2022 16:20:39
{"type":8192,"message":"Return type of Requests_Utility_CaseInsensitiveDictionary::getIterator() should either be compatible with IteratorAggregate::getIterator(): Traversable, or the #[\\ReturnTypeWillChange] attribute should be used to temporarily suppress the notice","file":"C:\\Users\\Utilisateur\\Documents\\code\\xampp\\xampp\\htdocs\\ByeTravel\\wp-includes\\Requests\\Utility\\CaseInsensitiveDictionary.php","line":91}

Aug 17 2022 16:20:40
{"type":8192,"message":"Constant FILTER_SANITIZE_STRING is deprecated","file":"C:\\Users\\Utilisateur\\Documents\\code\\xampp\\xampp\\htdocs\\ByeTravel\\wp-content\\plugins\\wordpress-seo\\src\\conditionals\\third-party\\elementor-edit-conditional.php","line":28}

Aug 17 2022 16:20:42
{"type":8192,"message":"Constant FILTER_SANITIZE_STRING is deprecated","file":"C:\\Users\\Utilisateur\\Documents\\code\\xampp\\xampp\\htdocs\\ByeTravel\\wp-content\\plugins\\wordpress-seo\\src\\conditionals\\third-party\\elementor-edit-conditional.php","line":28}

Aug 17 2022 16:20:44
{"type":8192,"message":"Constant FILTER_SANITIZE_STRING is deprecated","file":"C:\\Users\\Utilisateur\\Documents\\code\\xampp\\xampp\\htdocs\\ByeTravel\\wp-content\\plugins\\wordpress-seo\\src\\conditionals\\third-party\\elementor-edit-conditional.php","line":28}

Aug 17 2022 16:20:44
{"type":8192,"message":"Constant FILTER_SANITIZE_STRING is deprecated","file":"C:\\Users\\Utilisateur\\Documents\\code\\xampp\\xampp\\htdocs\\ByeTravel\\wp-content\\plugins\\wordpress-seo\\src\\conditionals\\third-party\\elementor-edit-conditional.php","line":28}

Aug 17 2022 16:20:46
{"type":8192,"message":"Constant FILTER_SANITIZE_STRING is deprecated","file":"C:\\Users\\Utilisateur\\Documents\\code\\xampp\\xampp\\htdocs\\ByeTravel\\wp-content\\plugins\\wordpress-seo\\src\\conditionals\\third-party\\elementor-edit-conditional.php","line":28}

Aug 17 2022 16:20:48
{"type":8192,"message":"Constant FILTER_SANITIZE_STRING is deprecated","file":"C:\\Users\\Utilisateur\\Documents\\code\\xampp\\xampp\\htdocs\\ByeTravel\\wp-content\\plugins\\wordpress-seo\\src\\conditionals\\third-party\\elementor-edit-conditional.php","line":28}

Aug 17 2022 16:21:07
{"type":8192,"message":"Constant FILTER_SANITIZE_STRING is deprecated","file":"C:\\Users\\Utilisateur\\Documents\\code\\xampp\\xampp\\htdocs\\ByeTravel\\wp-content\\plugins\\wordpress-seo\\src\\conditionals\\third-party\\elementor-edit-conditional.php","line":28}

Aug 17 2022 16:28:00
{"type":8192,"message":"Return type of Requests_Utility_CaseInsensitiveDictionary::getIterator() should either be compatible with IteratorAggregate::getIterator(): Traversable, or the #[\\ReturnTypeWillChange] attribute should be used to temporarily suppress the notice","file":"C:\\Users\\Utilisateur\\Documents\\code\\xampp\\xampp\\htdocs\\ByeTravel\\wp-includes\\Requests\\Utility\\CaseInsensitiveDictionary.php","line":91}

Aug 17 2022 16:28:05
{"Number":8192,"Message":"base64_encode(): Passing null to parameter #1 ($string) of type string is deprecated","File":"C:\\Users\\Utilisateur\\Documents\\code\\xampp\\xampp\\htdocs\\ByeTravel\\wp-content\\plugins\\all-in-one-wp-migration\\lib\\model\\export\\class-ai1wm-export-config.php","Line":164}

Aug 17 2022 16:28:41
{"type":8192,"message":"Return type of Requests_Utility_CaseInsensitiveDictionary::getIterator() should either be compatible with IteratorAggregate::getIterator(): Traversable, or the #[\\ReturnTypeWillChange] attribute should be used to temporarily suppress the notice","file":"C:\\Users\\Utilisateur\\Documents\\code\\xampp\\xampp\\htdocs\\ByeTravel\\wp-includes\\Requests\\Utility\\CaseInsensitiveDictionary.php","line":91}

Aug 17 2022 16:45:34
{"type":8192,"message":"Return type of Requests_Utility_CaseInsensitiveDictionary::getIterator() should either be compatible with IteratorAggregate::getIterator(): Traversable, or the #[\\ReturnTypeWillChange] attribute should be used to temporarily suppress the notice","file":"C:\\Users\\Utilisateur\\Documents\\code\\xampp\\xampp\\htdocs\\ByeTravel\\wp-includes\\Requests\\Utility\\CaseInsensitiveDictionary.php","line":91}

Aug 17 2022 16:45:40
{"Number":8192,"Message":"base64_encode(): Passing null to parameter #1 ($string) of type string is deprecated","File":"C:\\Users\\Utilisateur\\Documents\\code\\xampp\\xampp\\htdocs\\ByeTravel\\wp-content\\plugins\\all-in-one-wp-migration\\lib\\model\\export\\class-ai1wm-export-config.php","Line":164}

Aug 17 2022 16:45:40
{"type":8192,"message":"Return type of Requests_Utility_CaseInsensitiveDictionary::getIterator() should either be compatible with IteratorAggregate::getIterator(): Traversable, or the #[\\ReturnTypeWillChange] attribute should be used to temporarily suppress the notice","file":"C:\\Users\\Utilisateur\\Documents\\code\\xampp\\xampp\\htdocs\\ByeTravel\\wp-includes\\Requests\\Utility\\CaseInsensitiveDictionary.php","line":91}

Aug 17 2022 16:46:41
{"type":8192,"message":"Return type of Requests_Utility_CaseInsensitiveDictionary::getIterator() should either be compatible with IteratorAggregate::getIterator(): Traversable, or the #[\\ReturnTypeWillChange] attribute should be used to temporarily suppress the notice","file":"C:\\Users\\Utilisateur\\Documents\\code\\xampp\\xampp\\htdocs\\ByeTravel\\wp-includes\\Requests\\Utility\\CaseInsensitiveDictionary.php","line":91}

Aug 17 2022 16:50:38
{"type":8192,"message":"Return type of Requests_Utility_CaseInsensitiveDictionary::getIterator() should either be compatible with IteratorAggregate::getIterator(): Traversable, or the #[\\ReturnTypeWillChange] attribute should be used to temporarily suppress the notice","file":"C:\\Users\\Utilisateur\\Documents\\code\\xampp\\xampp\\htdocs\\ByeTravel\\wp-includes\\Requests\\Utility\\CaseInsensitiveDictionary.php","line":91}

Aug 17 2022 16:50:44
{"Number":8192,"Message":"base64_encode(): Passing null to parameter #1 ($string) of type string is deprecated","File":"C:\\Users\\Utilisateur\\Documents\\code\\xampp\\xampp\\htdocs\\ByeTravel\\wp-content\\plugins\\all-in-one-wp-migration\\lib\\model\\export\\class-ai1wm-export-config.php","Line":164}

Aug 17 2022 16:53:00
{"type":8192,"message":"Return type of Requests_Utility_CaseInsensitiveDictionary::getIterator() should either be compatible with IteratorAggregate::getIterator(): Traversable, or the #[\\ReturnTypeWillChange] attribute should be used to temporarily suppress the notice","file":"C:\\Users\\Utilisateur\\Documents\\code\\xampp\\xampp\\htdocs\\ByeTravel\\wp-includes\\Requests\\Utility\\CaseInsensitiveDictionary.php","line":91}

Aug 17 2022 16:53:02
{"Number":8192,"Message":"base64_encode(): Passing null to parameter #1 ($string) of type string is deprecated","File":"C:\\Users\\Utilisateur\\Documents\\code\\xampp\\xampp\\htdocs\\ByeTravel\\wp-content\\plugins\\all-in-one-wp-migration\\lib\\model\\export\\class-ai1wm-export-config.php","Line":164}

